[0426/235236.303:ERROR:process_info.cc(98)] ReadProcessMemory UNICODE_STRING: Seule une partie d’une requête ReadProcessMemory ou WriteProcessMemory a été effectuée. (0x12B)
[0426/235236.303:ERROR:process_memory_win.cc(73)] ReadMemory at 0x7ff99b8ebd28 of 12 bytes failed: Seule une partie d’une requête ReadProcessMemory ou WriteProcessMemory a été effectuée. (0x12B)
[0426/235236.350:WARNING:process_snapshot_win.cc(71)] ReadMemory ExceptionInformation failed
[0426/235236.303:ERROR:process_info.cc(98)] ReadProcessMemory UNICODE_STRING: Seule une partie d’une requête ReadProcessMemory ou WriteProcessMemory a été effectuée. (0x12B)
[0426/235236.303:ERROR:process_memory_win.cc(73)] ReadMemory at 0x7ff99b8ebd28 of 12 bytes failed: Seule une partie d’une requête ReadProcessMemory ou WriteProcessMemory a été effectuée. (0x12B)
[0426/235236.303:ERROR:process_info.cc(98)] ReadProcessMemory UNICODE_STRING: Seule une partie d’une requête ReadProcessMemory ou WriteProcessMemory a été effectuée. (0x12B)
[0426/235236.350:ERROR:process_info.cc(118)] ReadProcessMemory bool __cdecl crashpad::(anonymous namespace)::ReadStruct(HANDLE, crashpad::WinVMAddress, T *) [T = crashpad::process_types::LDR_DATA_TABLE_ENTRY<crashpad::process_types::internal::Traits64>]: Seule une partie d’une requête ReadProcessMemory ou WriteProcessMemory a été effectuée. (0x12B)
[0426/235236.350:ERROR:scoped_process_suspend.cc(40)] NtResumeProcess: Tentative d’accès à un processus en cours d’arrêt. (0xc000010a)
[0426/235236.553:ERROR:process_info.cc(329)] VirtualQueryEx: Accès refusé. (0x5)
[0426/235236.553:ERROR:process_info.cc(118)] ReadProcessMemory bool __cdecl crashpad::(anonymous namespace)::ReadStruct(HANDLE, crashpad::WinVMAddress, T *) [T = crashpad::process_types::LDR_DATA_TABLE_ENTRY<crashpad::process_types::internal::Traits64>]: Seule une partie d’une requête ReadProcessMemory ou WriteProcessMemory a été effectuée. (0x12B)
[0426/235236.350:ERROR:process_info.cc(118)] ReadProcessMemory bool __cdecl crashpad::(anonymous namespace)::ReadStruct(HANDLE, crashpad::WinVMAddress, T *) [T = crashpad::process_types::LDR_DATA_TABLE_ENTRY<crashpad::process_types::internal::Traits64>]: Seule une partie d’une requête ReadProcessMemory ou WriteProcessMemory a été effectuée. (0x12B)
[0426/235236.303:ERROR:process_info.cc(98)] ReadProcessMemory UNICODE_STRING: Seule une partie d’une requête ReadProcessMemory ou WriteProcessMemory a été effectuée. (0x12B)
[0426/235236.350:ERROR:scoped_process_suspend.cc(40)] NtResumeProcess: Tentative d’accès à un processus en cours d’arrêt. (0xc000010a)
[0426/235236.303:ERROR:process_reader_win.cc(123)] NtOpenThread: {Accès refusé} Un processus a demandé l’accès a un objet, mais il ne bénéficie pas des autorisations nécessaires. (0xc0000022)
[0426/235236.365:ERROR:process_info.cc(329)] VirtualQueryEx: Accès refusé. (0x5)
[0426/235236.553:ERROR:process_info.cc(556)] ReadMemoryInfo failed
[0426/235236.428:ERROR:process_info.cc(329)] VirtualQueryEx: Accès refusé. (0x5)
[0426/235236.553:ERROR:process_info.cc(118)] ReadProcessMemory bool __cdecl crashpad::(anonymous namespace)::ReadStruct(HANDLE, crashpad::WinVMAddress, T *) [T = crashpad::process_types::LDR_DATA_TABLE_ENTRY<crashpad::process_types::internal::Traits64>]: Seule une partie d’une requête ReadProcessMemory ou WriteProcessMemory a été effectuée. (0x12B)
[0426/235236.303:ERROR:process_memory_win.cc(73)] ReadMemory at 0x7ff99b8ebd28 of 12 bytes failed: Seule une partie d’une requête ReadProcessMemory ou WriteProcessMemory a été effectuée. (0x12B)
[0426/235236.553:ERROR:process_info.cc(329)] VirtualQueryEx: Accès refusé. (0x5)
[0426/235236.553:ERROR:scoped_process_suspend.cc(40)] NtResumeProcess: Tentative d’accès à un processus en cours d’arrêt. (0xc000010a)
[0426/235236.553:ERROR:process_info.cc(329)] VirtualQueryEx: Accès refusé. (0x5)
[0426/235236.553:ERROR:process_info.cc(329)] VirtualQueryEx: Accès refusé. (0x5)
[0426/235236.553:ERROR:process_info.cc(556)] ReadMemoryInfo failed
[0426/235236.553:ERROR:process_info.cc(556)] ReadMemoryInfo failed
[0426/235236.553:ERROR:process_info.cc(556)] ReadMemoryInfo failed
[0426/235236.553:WARNING:process_snapshot_win.cc(71)] ReadMemory ExceptionInformation failed
[0426/235236.553:ERROR:scoped_process_suspend.cc(40)] NtResumeProcess: Tentative d’accès à un processus en cours d’arrêt. (0xc000010a)
[0426/235236.553:ERROR:process_info.cc(556)] ReadMemoryInfo failed
[0426/235236.303:ERROR:process_memory_win.cc(73)] ReadMemory at 0x7ff99b8ebd28 of 12 bytes failed: Seule une partie d’une requête ReadProcessMemory ou WriteProcessMemory a été effectuée. (0x12B)
[0426/235236.553:ERROR:process_info.cc(556)] ReadMemoryInfo failed
[0426/235236.412:ERROR:process_info.cc(329)] VirtualQueryEx: Accès refusé. (0x5)
[0426/235236.553:ERROR:process_info.cc(556)] ReadMemoryInfo failed
[0426/235236.553:ERROR:scoped_process_suspend.cc(40)] NtResumeProcess: Tentative d’accès à un processus en cours d’arrêt. (0xc000010a)
[0426/235236.553:ERROR:scoped_process_suspend.cc(40)] NtResumeProcess: Tentative d’accès à un processus en cours d’arrêt. (0xc000010a)
[0426/235236.553:WARNING:process_snapshot_win.cc(71)] ReadMemory ExceptionInformation failed
[0426/235236.553:WARNING:process_snapshot_win.cc(71)] ReadMemory ExceptionInformation failed
[0426/235236.553:ERROR:scoped_process_suspend.cc(40)] NtResumeProcess: Tentative d’accès à un processus en cours d’arrêt. (0xc000010a)
[0426/235236.553:ERROR:scoped_process_suspend.cc(40)] NtResumeProcess: Tentative d’accès à un processus en cours d’arrêt. (0xc000010a)
[0426/235236.553:ERROR:exception_snapshot_win.cc(98)] thread ID 15648 not found in process
[0426/235236.553:ERROR:scoped_process_suspend.cc(40)] NtResumeProcess: Tentative d’accès à un processus en cours d’arrêt. (0xc000010a)
[0426/235236.553:ERROR:scoped_process_suspend.cc(40)] NtResumeProcess: Tentative d’accès à un processus en cours d’arrêt. (0xc000010a)
[0426/235236.553:ERROR:scoped_process_suspend.cc(40)] NtResumeProcess: Tentative d’accès à un processus en cours d’arrêt. (0xc000010a)
[0426/235236.553:ERROR:scoped_process_suspend.cc(40)] NtResumeProcess: Tentative d’accès à un processus en cours d’arrêt. (0xc000010a)
[0426/235236.553:ERROR:scoped_process_suspend.cc(40)] NtResumeProcess: Tentative d’accès à un processus en cours d’arrêt. (0xc000010a)
